g:\驱动开发代码\iocomm\iocomm\x64\release\vc141.pdb
g:\驱动开发代码\iocomm\iocomm\x64\release\pml4.obj
g:\驱动开发代码\iocomm\iocomm\x64\release\mm.obj
g:\驱动开发代码\iocomm\iocomm\x64\release\main.obj
g:\驱动开发代码\iocomm\iocomm\x64\release\ioctl.obj
g:\驱动开发代码\iocomm\iocomm\x64\release\hide.obj
g:\驱动开发代码\iocomm\iocomm\x64\release\file.obj
g:\驱动开发代码\iocomm\x64\release\iocomm.sys
g:\驱动开发代码\iocomm\x64\release\iocomm.pdb
g:\驱动开发代码\iocomm\x64\release\iocomm.cer
g:\驱动开发代码\iocomm\iocomm\x64\release\iocomm.tlog\cl.command.1.tlog
g:\驱动开发代码\iocomm\iocomm\x64\release\iocomm.tlog\cl.read.1.tlog
g:\驱动开发代码\iocomm\iocomm\x64\release\iocomm.tlog\cl.write.1.tlog
g:\驱动开发代码\iocomm\iocomm\x64\release\iocomm.tlog\link.command.1.tlog
g:\驱动开发代码\iocomm\iocomm\x64\release\iocomm.tlog\link.read.1.tlog
g:\驱动开发代码\iocomm\iocomm\x64\release\iocomm.tlog\link.write.1.tlog
g:\驱动开发代码\iocomm\iocomm\x64\release\iocomm.tlog\signtool.command.1.tlog
g:\驱动开发代码\iocomm\iocomm\x64\release\iocomm.tlog\signtool.read.1.tlog
g:\驱动开发代码\iocomm\iocomm\x64\release\iocomm.tlog\signtool.timestamp.1.tlog
g:\驱动开发代码\iocomm\iocomm\x64\release\iocomm.tlog\signtool.write.1.tlog
